This is pdfTeX, Version 3.141592653-2.6-1.40.24 (MiKTeX 21.12.10) (preloaded format=pdflatex 2022.1.17)  25 APR 2022 11:44
entering extended mode
 restricted \write18 enabled.
 %&-line parsing enabled.
**./editor.tex
(editor.tex
LaTeX2e <2021-11-15> patch level 1
L3 programming layer <2021-11-22> (svmult.cls
Document Class: svmult 2007/06/25 v5.4 
Springer Verlag global LaTeX document class for multi authored books
Class Springer-SVMult Info: extra/valid Springer sub-package 
(Springer-SVMult)           not found in option list - using "global" style.

(C:\Users\mihaj.FRI1\AppData\Local\Programs\MiKTeX 2.9\tex/latex/base\article.c
ls
Document Class: article 2021/10/04 v1.4n Standard LaTeX document class

(C:\Users\mihaj.FRI1\AppData\Local\Programs\MiKTeX 2.9\tex/latex/base\size10.cl
o
File: size10.clo 2021/10/04 v1.4n Standard LaTeX file (size option)
)
\c@part=\count183
\c@section=\count184
\c@subsection=\count185
\c@subsubsection=\count186
\c@paragraph=\count187
\c@subparagraph=\count188
\c@figure=\count189
\c@table=\count190
\abovecaptionskip=\skip47
\belowcaptionskip=\skip48
\bibindent=\dimen138
)
\svparindent=\dimen139
\bibindent=\dimen140
\betweenumberspace=\dimen141
\headlineindent=\dimen142
\minitoc=\write3
\c@minitocdepth=\count191
\c@chapter=\count192
\mottowidth=\dimen143
\svitemindent=\dimen144
\verbatimindent=\dimen145
LaTeX Font Info:    Redeclaring math symbol \Gamma on input line 963.
LaTeX Font Info:    Redeclaring math symbol \Delta on input line 964.
LaTeX Font Info:    Redeclaring math symbol \Theta on input line 965.
LaTeX Font Info:    Redeclaring math symbol \Lambda on input line 966.
LaTeX Font Info:    Redeclaring math symbol \Xi on input line 967.
LaTeX Font Info:    Redeclaring math symbol \Pi on input line 968.
LaTeX Font Info:    Redeclaring math symbol \Sigma on input line 969.
LaTeX Font Info:    Redeclaring math symbol \Upsilon on input line 970.
LaTeX Font Info:    Redeclaring math symbol \Phi on input line 971.
LaTeX Font Info:    Redeclaring math symbol \Psi on input line 972.
LaTeX Font Info:    Redeclaring math symbol \Omega on input line 973.
\tocchpnum=\dimen146
\tocsecnum=\dimen147
\tocsectotal=\dimen148
\tocsubsecnum=\dimen149
\tocsubsectotal=\dimen150
\tocsubsubsecnum=\dimen151
\tocsubsubsectotal=\dimen152
\tocparanum=\dimen153
\tocparatotal=\dimen154
\tocsubparanum=\dimen155
\foot@parindent=\dimen156
\spthmsep=\dimen157
\c@theorem=\count193
\c@case=\count194
\c@conjecture=\count195
\c@corollary=\count196
\c@definition=\count197
\c@example=\count198
\c@exercise=\count199
\c@lemma=\count266
\c@note=\count267
\c@problem=\count268
\c@property=\count269
\c@proposition=\count270
\c@question=\count271
\c@solution=\count272
\c@remark=\count273
\c@prob=\count274
\instindent=\dimen158
\figgap=\dimen159
\bildb@x=\box50
\figcapgap=\dimen160
\tabcapgap=\dimen161
\c@merk=\count275
\c@@inst=\count276
\c@@auth=\count277
\c@auco=\count278
\instindent=\dimen162
\authrun=\box51
\authorrunning=\toks16
\tocauthor=\toks17
\titrun=\box52
\titlerunning=\toks18
\toctitle=\toks19
\c@contribution=\count279
LaTeX Info: Redefining \abstract on input line 2320.
)
(C:\Users\mihaj.FRI1\AppData\Local\Programs\MiKTeX 2.9\tex/latex/graphics\color
.sty
Package: color 2021/12/07 v1.3c Standard LaTeX Color (DPC)

(C:\Users\mihaj.FRI1\AppData\Local\Programs\MiKTeX 2.9\tex/latex/graphics-cfg\c
olor.cfg
File: color.cfg 2016/01/02 v1.6 sample color configuration
)
Package color Info: Driver file: pdftex.def on input line 149.

(C:\Users\mihaj.FRI1\AppData\Local\Programs\MiKTeX 2.9\tex/latex/graphics-def\p
dftex.def
File: pdftex.def 2020/10/05 v1.2a Graphics/color driver for pdftex
))
(C:\Users\mihaj.FRI1\AppData\Local\Programs\MiKTeX 2.9\tex/latex/framed\framed.
sty
Package: framed 2011/10/22 v 0.96: framed or shaded text with page breaks
\OuterFrameSep=\skip49
\fb@frw=\dimen163
\fb@frh=\dimen164
\FrameRule=\dimen165
\FrameSep=\dimen166
)
(C:\Users\mihaj.FRI1\AppData\Local\Programs\MiKTeX 2.9\tex/latex/psnfss\mathptm
x.sty
Package: mathptmx 2020/03/25 PSNFSS-v9.3 Times w/ Math, improved (SPQR, WaS) 
LaTeX Font Info:    Redeclaring symbol font `operators' on input line 28.
LaTeX Font Info:    Overwriting symbol font `operators' in version `normal'
(Font)                  OT1/cmr/m/n --> OT1/ztmcm/m/n on input line 28.
LaTeX Font Info:    Overwriting symbol font `operators' in version `bold'
(Font)                  OT1/cmr/bx/n --> OT1/ztmcm/m/n on input line 28.
LaTeX Font Info:    Redeclaring symbol font `letters' on input line 29.
LaTeX Font Info:    Overwriting symbol font `letters' in version `normal'
(Font)                  OML/cmm/m/it --> OML/ztmcm/m/it on input line 29.
LaTeX Font Info:    Overwriting symbol font `letters' in version `bold'
(Font)                  OML/cmm/b/it --> OML/ztmcm/m/it on input line 29.
LaTeX Font Info:    Redeclaring symbol font `symbols' on input line 30.
LaTeX Font Info:    Overwriting symbol font `symbols' in version `normal'
(Font)                  OMS/cmsy/m/n --> OMS/ztmcm/m/n on input line 30.
LaTeX Font Info:    Overwriting symbol font `symbols' in version `bold'
(Font)                  OMS/cmsy/b/n --> OMS/ztmcm/m/n on input line 30.
LaTeX Font Info:    Redeclaring symbol font `largesymbols' on input line 31.
LaTeX Font Info:    Overwriting symbol font `largesymbols' in version `normal'
(Font)                  OMX/cmex/m/n --> OMX/ztmcm/m/n on input line 31.
LaTeX Font Info:    Overwriting symbol font `largesymbols' in version `bold'
(Font)                  OMX/cmex/m/n --> OMX/ztmcm/m/n on input line 31.
\symbold=\mathgroup4
\symitalic=\mathgroup5
LaTeX Font Info:    Redeclaring math alphabet \mathbf on input line 34.
LaTeX Font Info:    Overwriting math alphabet `\mathbf' in version `normal'
(Font)                  OT1/cmr/bx/n --> OT1/ptm/bx/n on input line 34.
LaTeX Font Info:    Overwriting math alphabet `\mathbf' in version `bold'
(Font)                  OT1/cmr/bx/n --> OT1/ptm/bx/n on input line 34.
LaTeX Font Info:    Redeclaring math alphabet \mathit on input line 35.
LaTeX Font Info:    Overwriting math alphabet `\mathit' in version `normal'
(Font)                  OT1/cmr/m/it --> OT1/ptm/m/it on input line 35.
LaTeX Font Info:    Overwriting math alphabet `\mathit' in version `bold'
(Font)                  OT1/cmr/bx/it --> OT1/ptm/m/it on input line 35.
LaTeX Info: Redefining \hbar on input line 50.
)
(C:\Users\mihaj.FRI1\AppData\Local\Programs\MiKTeX 2.9\tex/latex/psnfss\helvet.
sty
Package: helvet 2020/03/25 PSNFSS-v9.3 (WaS) 

(C:\Users\mihaj.FRI1\AppData\Local\Programs\MiKTeX 2.9\tex/latex/graphics\keyva
l.sty
Package: keyval 2014/10/28 v1.15 key=value parser (DPC)
\KV@toks@=\toks20
))
(C:\Users\mihaj.FRI1\AppData\Local\Programs\MiKTeX 2.9\tex/latex/psnfss\courier
.sty
Package: courier 2020/03/25 PSNFSS-v9.3 (WaS) 
)
(C:\Users\mihaj.FRI1\AppData\Local\Programs\MiKTeX 2.9\tex/latex/base\makeidx.s
ty
Package: makeidx 2021/10/04 v1.0m Standard LaTeX package
)
(C:\Users\mihaj.FRI1\AppData\Local\Programs\MiKTeX 2.9\tex/latex/graphics\graph
icx.sty
Package: graphicx 2021/09/16 v1.2d Enhanced LaTeX Graphics (DPC,SPQR)

(C:\Users\mihaj.FRI1\AppData\Local\Programs\MiKTeX 2.9\tex/latex/graphics\graph
ics.sty
Package: graphics 2021/03/04 v1.4d Standard LaTeX Graphics (DPC,SPQR)

(C:\Users\mihaj.FRI1\AppData\Local\Programs\MiKTeX 2.9\tex/latex/graphics\trig.
sty
Package: trig 2021/08/11 v1.11 sin cos tan (DPC)
)
(C:\Users\mihaj.FRI1\AppData\Local\Programs\MiKTeX 2.9\tex/latex/graphics-cfg\g
raphics.cfg
File: graphics.cfg 2016/06/04 v1.11 sample graphics configuration
)
Package graphics Info: Driver file: pdftex.def on input line 107.
)
\Gin@req@height=\dimen167
\Gin@req@width=\dimen168
)
(C:\Users\mihaj.FRI1\AppData\Local\Programs\MiKTeX 2.9\tex/latex/hyperref\hyper
ref.sty
Package: hyperref 2021-06-07 v7.00m Hypertext links for LaTeX

(C:\Users\mihaj.FRI1\AppData\Local\Programs\MiKTeX 2.9\tex/generic/ltxcmds\ltxc
mds.sty
Package: ltxcmds 2020-05-10 v1.25 LaTeX kernel commands for general use (HO)
)
(C:\Users\mihaj.FRI1\AppData\Local\Programs\MiKTeX 2.9\tex/generic/iftex\iftex.
sty
Package: iftex 2020/03/06 v1.0d TeX engine tests
)
(C:\Users\mihaj.FRI1\AppData\Local\Programs\MiKTeX 2.9\tex/generic/pdftexcmds\p
dftexcmds.sty
Package: pdftexcmds 2020-06-27 v0.33 Utility functions of pdfTeX for LuaTeX (HO
)

(C:\Users\mihaj.FRI1\AppData\Local\Programs\MiKTeX 2.9\tex/generic/infwarerr\in
fwarerr.sty
Package: infwarerr 2019/12/03 v1.5 Providing info/warning/error messages (HO)
)
Package pdftexcmds Info: \pdf@primitive is available.
Package pdftexcmds Info: \pdf@ifprimitive is available.
Package pdftexcmds Info: \pdfdraftmode found.
)
(C:\Users\mihaj.FRI1\AppData\Local\Programs\MiKTeX 2.9\tex/generic/kvsetkeys\kv
setkeys.sty
Package: kvsetkeys 2019/12/15 v1.18 Key value parser (HO)
)
(C:\Users\mihaj.FRI1\AppData\Local\Programs\MiKTeX 2.9\tex/generic/kvdefinekeys
\kvdefinekeys.sty
Package: kvdefinekeys 2019-12-19 v1.6 Define keys (HO)
)
(C:\Users\mihaj.FRI1\AppData\Local\Programs\MiKTeX 2.9\tex/generic/pdfescape\pd
fescape.sty
Package: pdfescape 2019/12/09 v1.15 Implements pdfTeX's escape features (HO)
)
(C:\Users\mihaj.FRI1\AppData\Local\Programs\MiKTeX 2.9\tex/latex/hycolor\hycolo
r.sty
Package: hycolor 2020-01-27 v1.10 Color options for hyperref/bookmark (HO)
)
(C:\Users\mihaj.FRI1\AppData\Local\Programs\MiKTeX 2.9\tex/latex/letltxmacro\le
tltxmacro.sty
Package: letltxmacro 2019/12/03 v1.6 Let assignment for LaTeX macros (HO)
)
(C:\Users\mihaj.FRI1\AppData\Local\Programs\MiKTeX 2.9\tex/latex/auxhook\auxhoo
k.sty
Package: auxhook 2019-12-17 v1.6 Hooks for auxiliary files (HO)
)
(C:\Users\mihaj.FRI1\AppData\Local\Programs\MiKTeX 2.9\tex/latex/kvoptions\kvop
tions.sty
Package: kvoptions 2020-10-07 v3.14 Key value format for package options (HO)
)
\@linkdim=\dimen169
\Hy@linkcounter=\count280
\Hy@pagecounter=\count281

(C:\Users\mihaj.FRI1\AppData\Local\Programs\MiKTeX 2.9\tex/latex/hyperref\pd1en
c.def
File: pd1enc.def 2021-06-07 v7.00m Hyperref: PDFDocEncoding definition (HO)
Now handling font encoding PD1 ...
... no UTF-8 mapping file for font encoding PD1
)
(C:\Users\mihaj.FRI1\AppData\Local\Programs\MiKTeX 2.9\tex/latex/hyperref\hyper
ref-langpatches.def
File: hyperref-langpatches.def 2021-06-07 v7.00m Hyperref: patches for babel la
nguages
)
(C:\Users\mihaj.FRI1\AppData\Local\Programs\MiKTeX 2.9\tex/generic/intcalc\intc
alc.sty
Package: intcalc 2019/12/15 v1.3 Expandable calculations with integers (HO)
)
(C:\Users\mihaj.FRI1\AppData\Local\Programs\MiKTeX 2.9\tex/generic/etexcmds\ete
xcmds.sty
Package: etexcmds 2019/12/15 v1.7 Avoid name clashes with e-TeX commands (HO)
)
\Hy@SavedSpaceFactor=\count282

(C:\Users\mihaj.FRI1\AppData\Local\Programs\MiKTeX 2.9\tex/latex/hyperref\puenc
.def
File: puenc.def 2021-06-07 v7.00m Hyperref: PDF Unicode definition (HO)
Now handling font encoding PU ...
... no UTF-8 mapping file for font encoding PU
)
Package hyperref Info: Hyper figures OFF on input line 4192.
Package hyperref Info: Link nesting OFF on input line 4197.
Package hyperref Info: Hyper index ON on input line 4200.
Package hyperref Info: Plain pages OFF on input line 4207.
Package hyperref Info: Backreferencing OFF on input line 4212.
Package hyperref Info: Implicit mode ON; LaTeX internals redefined.
Package hyperref Info: Bookmarks ON on input line 4445.
\c@Hy@tempcnt=\count283

(C:\Users\mihaj.FRI1\AppData\Local\Programs\MiKTeX 2.9\tex/latex/url\url.sty
\Urlmuskip=\muskip16
Package: url 2013/09/16  ver 3.4  Verb mode for urls, etc.
)
LaTeX Info: Redefining \url on input line 4804.
\XeTeXLinkMargin=\dimen170

(C:\Users\mihaj.FRI1\AppData\Local\Programs\MiKTeX 2.9\tex/generic/bitset\bitse
t.sty
Package: bitset 2019/12/09 v1.3 Handle bit-vector datatype (HO)

(C:\Users\mihaj.FRI1\AppData\Local\Programs\MiKTeX 2.9\tex/generic/bigintcalc\b
igintcalc.sty
Package: bigintcalc 2019/12/15 v1.5 Expandable calculations on big integers (HO
)
))
\Fld@menulength=\count284
\Field@Width=\dimen171
\Fld@charsize=\dimen172
Package hyperref Info: Hyper figures OFF on input line 6076.
Package hyperref Info: Link nesting OFF on input line 6081.
Package hyperref Info: Hyper index ON on input line 6084.
Package hyperref Info: backreferencing OFF on input line 6091.
Package hyperref Info: Link coloring OFF on input line 6096.
Package hyperref Info: Link coloring with OCG OFF on input line 6101.
Package hyperref Info: PDF/A mode OFF on input line 6106.
LaTeX Info: Redefining \ref on input line 6146.
LaTeX Info: Redefining \pageref on input line 6150.

(C:\Users\mihaj.FRI1\AppData\Local\Programs\MiKTeX 2.9\tex/latex/base\atbegshi-
ltx.sty
Package: atbegshi-ltx 2021/01/10 v1.0c Emulation of the original atbegshi
package with kernel methods
)
\Hy@abspage=\count285
\c@Item=\count286
\c@Hfootnote=\count287
)
Package hyperref Info: Driver (autodetected): hpdftex.

(C:\Users\mihaj.FRI1\AppData\Local\Programs\MiKTeX 2.9\tex/latex/hyperref\hpdft
ex.def
File: hpdftex.def 2021-06-07 v7.00m Hyperref driver for pdfTeX

(C:\Users\mihaj.FRI1\AppData\Local\Programs\MiKTeX 2.9\tex/latex/base\atveryend
-ltx.sty
Package: atveryend-ltx 2020/08/19 v1.0a Emulation of the original atveryend pac
kage
with kernel methods
)
\Fld@listcount=\count288
\c@bookmark@seq@number=\count289

(C:\Users\mihaj.FRI1\AppData\Local\Programs\MiKTeX 2.9\tex/latex/rerunfilecheck
\rerunfilecheck.sty
Package: rerunfilecheck 2019/12/05 v1.9 Rerun checks for auxiliary files (HO)

(C:\Users\mihaj.FRI1\AppData\Local\Programs\MiKTeX 2.9\tex/generic/uniquecounte
r\uniquecounter.sty
Package: uniquecounter 2019/12/15 v1.4 Provide unlimited unique counter (HO)
)
Package uniquecounter Info: New unique counter `rerunfilecheck' on input line 2
86.
)
\Hy@SectionHShift=\skip50
)
(C:\Users\mihaj.FRI1\AppData\Local\Programs\MiKTeX 2.9\tex/latex/graphics\epsfi
g.sty
Package: epsfig 2017/06/25 v1.7b (e)psfig emulation (SPQR)
\epsfxsize=\dimen173
\epsfysize=\dimen174
)
(C:\Users\mihaj.FRI1\AppData\Local\Programs\MiKTeX 2.9\tex/latex/tools\multicol
.sty
Package: multicol 2021/10/28 v1.9b multicolumn formatting (FMi)
\c@tracingmulticols=\count290
\mult@box=\box53
\multicol@leftmargin=\dimen175
\c@unbalance=\count291
\c@collectmore=\count292
\doublecol@number=\count293
\multicoltolerance=\count294
\multicolpretolerance=\count295
\full@width=\dimen176
\page@free=\dimen177
\premulticols=\dimen178
\postmulticols=\dimen179
\multicolsep=\skip51
\multicolbaselineskip=\skip52
\partial@page=\box54
\last@line=\box55
\maxbalancingoverflow=\dimen180
\mult@rightbox=\box56
\mult@grightbox=\box57
\mult@firstbox=\box58
\mult@gfirstbox=\box59
\@tempa=\box60
\@tempa=\box61
\@tempa=\box62
\@tempa=\box63
\@tempa=\box64
\@tempa=\box65
\@tempa=\box66
\@tempa=\box67
\@tempa=\box68
\@tempa=\box69
\@tempa=\box70
\@tempa=\box71
\@tempa=\box72
\@tempa=\box73
\@tempa=\box74
\@tempa=\box75
\@tempa=\box76
\@tempa=\box77
\@tempa=\box78
\@tempa=\box79
\@tempa=\box80
\@tempa=\box81
\@tempa=\box82
\@tempa=\box83
\@tempa=\box84
\@tempa=\box85
\@tempa=\box86
\@tempa=\box87
\@tempa=\box88
\@tempa=\box89
\@tempa=\box90
\@tempa=\box91
\@tempa=\box92
\@tempa=\box93
\@tempa=\box94
\@tempa=\box95
\c@minrows=\count296
\c@columnbadness=\count297
\c@finalcolumnbadness=\count298
\last@try=\dimen181
\multicolovershoot=\dimen182
\multicolundershoot=\dimen183
\mult@nat@firstbox=\box96
\colbreak@box=\box97
\mc@col@check@num=\count299
)
(C:\Users\mihaj.FRI1\AppData\Local\Programs\MiKTeX 2.9\tex/latex/footmisc\footm
isc.sty
Package: footmisc 2011/06/06 v5.5b a miscellany of footnote facilities
\FN@temptoken=\toks21
\footnotemargin=\dimen184
\c@pp@next@reset=\count300
Package footmisc Info: Declaring symbol style bringhurst on input line 855.
Package footmisc Info: Declaring symbol style chicago on input line 863.
Package footmisc Info: Declaring symbol style wiley on input line 872.
Package footmisc Info: Declaring symbol style lamport-robust on input line 883.

Package footmisc Info: Declaring symbol style lamport* on input line 903.
Package footmisc Info: Declaring symbol style lamport*-robust on input line 924
.
)
(C:\Users\mihaj.FRI1\AppData\Local\Programs\MiKTeX 2.9\tex/latex/epstopdf-pkg\e
pstopdf.sty
Package: epstopdf 2020-01-24 v2.11 Conversion with epstopdf on the fly (HO)

(C:\Users\mihaj.FRI1\AppData\Local\Programs\MiKTeX 2.9\tex/latex/grfext\grfext.
sty
Package: grfext 2019/12/03 v1.3 Manage graphics extensions (HO)
)
(C:\Users\mihaj.FRI1\AppData\Local\Programs\MiKTeX 2.9\tex/latex/epstopdf-pkg\e
pstopdf-base.sty
Package: epstopdf-base 2020-01-24 v2.11 Base part for package epstopdf
Package epstopdf-base Info: Redefining graphics rule for `.eps' on input line 4
85.
Package grfext Info: Graphics extension search list:
(grfext)             [.pdf,.png,.jpg,.mps,.jpeg,.jbig2,.jb2,.PDF,.PNG,.JPG,.JPE
G,.JBIG2,.JB2,.eps]
(grfext)             \AppendGraphicsExtensions on input line 504.

(C:\Users\mihaj.FRI1\AppData\Local\Programs\MiKTeX 2.9\tex/latex/00miktex\epsto
pdf-sys.cfg
File: epstopdf-sys.cfg 2021/03/18 v2.0 Configuration of epstopdf for MiKTeX
)))
(C:\Users\mihaj.FRI1\AppData\Local\Programs\MiKTeX 2.9\tex/latex/amsmath\amsmat
h.sty
Package: amsmath 2021/10/15 v2.17l AMS math features
\@mathmargin=\skip53

For additional information on amsmath, use the `?' option.

(C:\Users\mihaj.FRI1\AppData\Local\Programs\MiKTeX 2.9\tex/latex/amsmath\amstex
t.sty
Package: amstext 2021/08/26 v2.01 AMS text

(C:\Users\mihaj.FRI1\AppData\Local\Programs\MiKTeX 2.9\tex/latex/amsmath\amsgen
.sty
File: amsgen.sty 1999/11/30 v2.0 generic functions
\@emptytoks=\toks22
\ex@=\dimen185
))
(C:\Users\mihaj.FRI1\AppData\Local\Programs\MiKTeX 2.9\tex/latex/amsmath\amsbsy
.sty
Package: amsbsy 1999/11/29 v1.2d Bold Symbols
\pmbraise@=\dimen186
)
(C:\Users\mihaj.FRI1\AppData\Local\Programs\MiKTeX 2.9\tex/latex/amsmath\amsopn
.sty
Package: amsopn 2021/08/26 v2.02 operator names
)
\inf@bad=\count301
LaTeX Info: Redefining \frac on input line 234.
\uproot@=\count302
\leftroot@=\count303
LaTeX Info: Redefining \overline on input line 399.
\classnum@=\count304
\DOTSCASE@=\count305
LaTeX Info: Redefining \ldots on input line 496.
LaTeX Info: Redefining \dots on input line 499.
LaTeX Info: Redefining \cdots on input line 620.
\Mathstrutbox@=\box98
\strutbox@=\box99
\big@size=\dimen187
LaTeX Font Info:    Redeclaring font encoding OML on input line 743.
LaTeX Font Info:    Redeclaring font encoding OMS on input line 744.
\macc@depth=\count306
\c@MaxMatrixCols=\count307
\dotsspace@=\muskip17
\c@parentequation=\count308
\dspbrk@lvl=\count309
\tag@help=\toks23
\row@=\count310
\column@=\count311
\maxfields@=\count312
\andhelp@=\toks24
\eqnshift@=\dimen188
\alignsep@=\dimen189
\tagshift@=\dimen190
\tagwidth@=\dimen191
\totwidth@=\dimen192
\lineht@=\dimen193
\@envbody=\toks25
\multlinegap=\skip54
\multlinetaggap=\skip55
\mathdisplay@stack=\toks26
LaTeX Info: Redefining \[ on input line 2938.
LaTeX Info: Redefining \] on input line 2939.
)
(C:\Users\mihaj.FRI1\AppData\Local\Programs\MiKTeX 2.9\tex/latex/physics\physic
s.sty
Package: physics 

(C:\Users\mihaj.FRI1\AppData\Local\Programs\MiKTeX 2.9\tex/latex/l3packages/xpa
rse\xparse.sty
(C:\Users\mihaj.FRI1\AppData\Local\Programs\MiKTeX 2.9\tex/latex/l3kernel\expl3
.sty
Package: expl3 2021-11-22 L3 programming layer (loader) 

(C:\Users\mihaj.FRI1\AppData\Local\Programs\MiKTeX 2.9\tex/latex/l3backend\l3ba
ckend-pdftex.def
File: l3backend-pdftex.def 2021-12-14 L3 backend support: PDF output (pdfTeX)
\l__color_backend_stack_int=\count313
\l__pdf_internal_box=\box100
))
Package: xparse 2021-11-12 L3 Experimental document command parser
))
(C:\Users\mihaj.FRI1\AppData\Local\Programs\MiKTeX 2.9\tex/latex/listings\listi
ngs.sty
\lst@mode=\count314
\lst@gtempboxa=\box101
\lst@token=\toks27
\lst@length=\count315
\lst@currlwidth=\dimen194
\lst@column=\count316
\lst@pos=\count317
\lst@lostspace=\dimen195
\lst@width=\dimen196
\lst@newlines=\count318
\lst@lineno=\count319
\lst@maxwidth=\dimen197

(C:\Users\mihaj.FRI1\AppData\Local\Programs\MiKTeX 2.9\tex/latex/listings\lstmi
sc.sty
File: lstmisc.sty 2020/03/24 1.8d (Carsten Heinz)
\c@lstnumber=\count320
\lst@skipnumbers=\count321
\lst@framebox=\box102
)
(C:\Users\mihaj.FRI1\AppData\Local\Programs\MiKTeX 2.9\tex/latex/listings\listi
ngs.cfg
File: listings.cfg 2020/03/24 1.8d listings configuration
))
Package: listings 2020/03/24 1.8d (Carsten Heinz)

(C:\Users\mihaj.FRI1\AppData\Local\Programs\MiKTeX 2.9\tex/latex/amsfonts\amssy
mb.sty
Package: amssymb 2013/01/14 v3.01 AMS font symbols

(C:\Users\mihaj.FRI1\AppData\Local\Programs\MiKTeX 2.9\tex/latex/amsfonts\amsfo
nts.sty
Package: amsfonts 2013/01/14 v3.01 Basic AMSFonts support
\symAMSa=\mathgroup6
\symAMSb=\mathgroup7
LaTeX Font Info:    Overwriting math alphabet `\mathfrak' in version `bold'
(Font)                  U/euf/m/n --> U/euf/b/n on input line 106.
))
(C:\Users\mihaj.FRI1\AppData\Local\Programs\MiKTeX 2.9\tex/latex/caption\subcap
tion.sty
Package: subcaption 2020/10/07 v1.3j Sub-captions (AR)

(C:\Users\mihaj.FRI1\AppData\Local\Programs\MiKTeX 2.9\tex/latex/caption\captio
n.sty
Package: caption 2020/10/26 v3.5g Customizing captions (AR)

(C:\Users\mihaj.FRI1\AppData\Local\Programs\MiKTeX 2.9\tex/latex/caption\captio
n3.sty
Package: caption3 2020/10/21 v2.2e caption3 kernel (AR)
\captionmargin=\dimen198
\captionmargin@=\dimen199
\captionwidth=\dimen256
\caption@tempdima=\dimen257
\caption@indent=\dimen258
\caption@parindent=\dimen259
\caption@hangindent=\dimen260
Package caption Info: Unknown document class (or package),
(caption)             standard defaults will be used.
Package caption Info: \@makecaption = \long macro:#1#2->\captionstyle \ifx \@ca
ptype \fig@type \vskip \figcapgap \fi \setbox \@tempboxa \hbox {{\floatlegendst
yle #1\floatcounterend }\capstrut #2}\ifdim \wd \@tempboxa >\hsize {\floatlegen
dstyle #1\floatcounterend }\capstrut #2\par \else \hbox to\hsize {\leftlegendgl
ue \unhbox \@tempboxa \hfil }\fi \ifx \@captype \fig@type \else \vskip \tabcapg
ap \fi  on input line 1139.
)

Package caption Warning: Unknown document class (or package),
(caption)                standard defaults will be used.
See the caption package documentation for explanation.

\c@caption@flags=\count322
\c@continuedfloat=\count323
Package caption Info: hyperref package is loaded.
Package caption Info: listings package is loaded.
)
\c@subfigure=\count324
\c@subtable=\count325
)
(C:\Users\mihaj.FRI1\AppData\Local\Programs\MiKTeX 2.9\tex/latex/multirow\multi
row.sty
Package: multirow 2021/03/15 v2.8 Span multiple rows of a table
\multirow@colwidth=\skip56
\multirow@cntb=\count326
\multirow@dima=\skip57
\bigstrutjot=\dimen261
)
(C:\Users\mihaj.FRI1\AppData\Local\Programs\MiKTeX 2.9\tex/latex/comment\commen
t.sty
\CommentStream=\write4
 Excluding comment 'comment')
(C:\Users\mihaj.FRI1\AppData\Local\Programs\MiKTeX 2.9\tex/latex/tools\tabularx
.sty
Package: tabularx 2020/01/15 v2.11c `tabularx' package (DPC)

(C:\Users\mihaj.FRI1\AppData\Local\Programs\MiKTeX 2.9\tex/latex/tools\array.st
y
Package: array 2021/10/04 v2.5f Tabular extension package (FMi)
\col@sep=\dimen262
\ar@mcellbox=\box103
\extrarowheight=\dimen263
\NC@list=\toks28
\extratabsurround=\skip58
\backup@length=\skip59
\ar@cellbox=\box104
)
\TX@col@width=\dimen264
\TX@old@table=\dimen265
\TX@old@col=\dimen266
\TX@target=\dimen267
\TX@delta=\dimen268
\TX@cols=\count327
\TX@ftn=\toks29
)
(C:\Users\mihaj.FRI1\AppData\Local\Programs\MiKTeX 2.9\tex/latex/float\float.st
y
Package: float 2001/11/08 v1.3d Float enhancements (AL)
\c@float@type=\count328
\float@exts=\toks30
\float@box=\box105
\@float@everytoks=\toks31
\@floatcapt=\box106
)
(C:\Users\mihaj.FRI1\AppData\Local\Programs\MiKTeX 2.9\tex/latex/import\import.
sty
Package: import 2020/04/01  v 6.2
)
\@indexfile=\write5
\openout5 = `editor.idx'.


Writing index file editor.idx

(C:\Users\mihaj.FRI1\AppData\Local\Programs\MiKTeX 2.9\tex/latex/base\inputenc.
sty
Package: inputenc 2021/02/14 v1.3d Input encoding file
\inpenc@prehook=\toks32
\inpenc@posthook=\toks33
)
(C:\Users\mihaj.FRI1\AppData\Local\Programs\MiKTeX 2.9\tex/generic/babel\babel.
sty
Package: babel 2021/12/30 3.69 The Babel package
\babel@savecnt=\count329
\U@D=\dimen269
\l@unhyphenated=\language83

(C:\Users\mihaj.FRI1\AppData\Local\Programs\MiKTeX 2.9\tex/generic/babel\txtbab
el.def)
\bbl@readstream=\read2
\bbl@dirlevel=\count330

*************************************
* Local config file bblopts.cfg used
*

(C:\Users\mihaj.FRI1\AppData\Local\Programs\MiKTeX 2.9\tex/latex/arabi\bblopts.
cfg
File: bblopts.cfg 2005/09/08 v0.1 add Arabic and Farsi to "declared" options of
 babel
)
(C:\Users\mihaj.FRI1\AppData\Local\Programs\MiKTeX 2.9\tex/latex/babel-slovenia
n\slovene.ldf
Language: slovene 2021/02/06 v1.2n Slovene support from the babel system
Package babel Info: Making " an active character on input line 79.
))
LaTeX Font Info:    Trying to load font information for OT1+ptm on input line 1
02.

(C:\Users\mihaj.FRI1\AppData\Local\Programs\MiKTeX 2.9\tex/latex/psnfss\ot1ptm.
fd
File: ot1ptm.fd 2001/06/04 font definitions for OT1/ptm.
) (editor.aux (EditorContents/navodila.aux))
\openout1 = `editor.aux'.

LaTeX Font Info:    Checking defaults for OML/cmm/m/it on input line 102.
LaTeX Font Info:    ... okay on input line 102.
LaTeX Font Info:    Checking defaults for OMS/cmsy/m/n on input line 102.
LaTeX Font Info:    ... okay on input line 102.
LaTeX Font Info:    Checking defaults for OT1/cmr/m/n on input line 102.
LaTeX Font Info:    ... okay on input line 102.
LaTeX Font Info:    Checking defaults for T1/cmr/m/n on input line 102.
LaTeX Font Info:    ... okay on input line 102.
LaTeX Font Info:    Checking defaults for TS1/cmr/m/n on input line 102.
LaTeX Font Info:    ... okay on input line 102.
LaTeX Font Info:    Checking defaults for OMX/cmex/m/n on input line 102.
LaTeX Font Info:    ... okay on input line 102.
LaTeX Font Info:    Checking defaults for U/cmr/m/n on input line 102.
LaTeX Font Info:    ... okay on input line 102.
LaTeX Font Info:    Checking defaults for PD1/pdf/m/n on input line 102.
LaTeX Font Info:    ... okay on input line 102.
LaTeX Font Info:    Checking defaults for PU/pdf/m/n on input line 102.
LaTeX Font Info:    ... okay on input line 102.

(C:\Users\mihaj.FRI1\AppData\Local\Programs\MiKTeX 2.9\tex/context/base/mkii\su
pp-pdf.mkii
[Loading MPS to PDF converter (version 2006.09.02).]
\scratchcounter=\count331
\scratchdimen=\dimen270
\scratchbox=\box107
\nofMPsegments=\count332
\nofMParguments=\count333
\everyMPshowfont=\toks34
\MPscratchCnt=\count334
\MPscratchDim=\dimen271
\MPnumerator=\count335
\makeMPintoPDFobject=\count336
\everyMPtoPDFconversion=\toks35
)
Package hyperref Info: Link coloring OFF on input line 102.

(C:\Users\mihaj.FRI1\AppData\Local\Programs\MiKTeX 2.9\tex/latex/hyperref\namer
ef.sty
Package: nameref 2021-04-02 v2.47 Cross-referencing by name of section

(C:\Users\mihaj.FRI1\AppData\Local\Programs\MiKTeX 2.9\tex/latex/refcount\refco
unt.sty
Package: refcount 2019/12/15 v3.6 Data extraction from label references (HO)
)
(C:\Users\mihaj.FRI1\AppData\Local\Programs\MiKTeX 2.9\tex/generic/gettitlestri
ng\gettitlestring.sty
Package: gettitlestring 2019/12/15 v1.6 Cleanup title references (HO)
)
\c@section@level=\count337
)
LaTeX Info: Redefining \ref on input line 102.
LaTeX Info: Redefining \pageref on input line 102.
LaTeX Info: Redefining \nameref on input line 102.
 (editor.out) (editor.out)
\@outlinefile=\write6
\openout6 = `editor.out'.

\c@lstlisting=\count338
Package caption Info: Begin \AtBeginDocument code.
Package caption Info: float package is loaded.
Package caption Info: End \AtBeginDocument code.


Package mathptmx Warning: There are no bold math fonts on input line 105.


Underfull \hbox (badness 10000) in paragraph at lines 106--109

 []

[1



{C:/Users/mihaj.FRI1/AppData/Local/MiKTeX/2.9/fonts/map/pdftex/pdftex.map}]
\openout2 = `EditorContents/navodila.aux'.


(EditorContents/navodila.tex [2



]
LaTeX Font Info:    Trying to load font information for TS1+ptm on input line 3
.

(C:\Users\mihaj.FRI1\AppData\Local\Programs\MiKTeX 2.9\tex/latex/psnfss\ts1ptm.
fd
File: ts1ptm.fd 2001/06/04 font definitions for TS1/ptm.
)
LaTeX Font Info:    Trying to load font information for OT1+pcr on input line 3
.

(C:\Users\mihaj.FRI1\AppData\Local\Programs\MiKTeX 2.9\tex/latex/psnfss\ot1pcr.
fd
File: ot1pcr.fd 2001/06/04 font definitions for OT1/pcr.
)
LaTeX Font Info:    Trying to load font information for OT1+ztmcm on input line
 9.

(C:\Users\mihaj.FRI1\AppData\Local\Programs\MiKTeX 2.9\tex/latex/psnfss\ot1ztmc
m.fd
File: ot1ztmcm.fd 2000/01/03 Fontinst v1.801 font definitions for OT1/ztmcm.
)
LaTeX Font Info:    Trying to load font information for OML+ztmcm on input line
 9.

(C:\Users\mihaj.FRI1\AppData\Local\Programs\MiKTeX 2.9\tex/latex/psnfss\omlztmc
m.fd
File: omlztmcm.fd 2000/01/03 Fontinst v1.801 font definitions for OML/ztmcm.
)
LaTeX Font Info:    Trying to load font information for OMS+ztmcm on input line
 9.

(C:\Users\mihaj.FRI1\AppData\Local\Programs\MiKTeX 2.9\tex/latex/psnfss\omsztmc
m.fd
File: omsztmcm.fd 2000/01/03 Fontinst v1.801 font definitions for OMS/ztmcm.
)
LaTeX Font Info:    Trying to load font information for OMX+ztmcm on input line
 9.

(C:\Users\mihaj.FRI1\AppData\Local\Programs\MiKTeX 2.9\tex/latex/psnfss\omxztmc
m.fd
File: omxztmcm.fd 2000/01/03 Fontinst v1.801 font definitions for OMX/ztmcm.
)
LaTeX Font Info:    Font shape `OT1/ptm/bx/n' in size <10> not available
(Font)              Font shape `OT1/ptm/b/n' tried instead on input line 9.
LaTeX Font Info:    Font shape `OT1/ptm/bx/n' in size <7.4> not available
(Font)              Font shape `OT1/ptm/b/n' tried instead on input line 9.
LaTeX Font Info:    Font shape `OT1/ptm/bx/n' in size <6> not available
(Font)              Font shape `OT1/ptm/b/n' tried instead on input line 9.
LaTeX Font Info:    Calculating math sizes for size <8.5> on input line 9.
LaTeX Font Info:    Font shape `OT1/ptm/bx/n' in size <8.5> not available
(Font)              Font shape `OT1/ptm/b/n' tried instead on input line 9.
LaTeX Font Info:    Font shape `OT1/ptm/bx/n' in size <6.29004> not available
(Font)              Font shape `OT1/ptm/b/n' tried instead on input line 9.
LaTeX Font Info:    Font shape `OT1/ptm/bx/n' in size <5.10005> not available
(Font)              Font shape `OT1/ptm/b/n' tried instead on input line 9.

Underfull \hbox (badness 10000) in paragraph at lines 9--9
[] [][]$\OT1/pcr/m/n/8.5 https : / / scholar . google . si$[]\OT1/ptm/m/n/8.5 ,
 []$\OT1/pcr/m/n/8.5 www . sciencedirect . com$[]\OT1/ptm/m/n/8.5 , []$\OT1/pcr
/m/n/8.5 https : / / www .
 []


Overfull \hbox (10.13876pt too wide) in paragraph at lines 9--10
[]\OT1/ptm/m/n/10 V okviru se-mi-nar-ske na-loge se bo-ste ukvar-jali z apli-ka
-ci-jami na po-dro[]cju brez[]zi[]cnih
 []

) [3] [4




] (editor.toc)
\tf@toc=\write7
\openout7 = `editor.toc'.

 (Skupina01/main.tex [5] [6


]

Package hyperref Warning: bookmark level for unknown titlech defaults to 0.


Package hyperref Warning: bookmark level for unknown authorch defaults to 0.

[7] [8]
<Skupina01/img//network.png, id=212, 1355.0625pt x 691.08188pt>
File: Skupina01/img//network.png Graphic file (type png)
<use Skupina01/img//network.png>
Package pdftex.def Info: Skupina01/img//network.png  used on input line 137.
(pdftex.def)             Requested size: 406.5219pt x 207.32616pt.


Class SVMult Warning: \sidecaption: No sufficient room for the legend; 
using normal \caption on input line 137.


Overfull \hbox (73.62466pt too wide) in paragraph at lines 137--137
[][][] 
 []

[9] [10 <./Skupina01/img//network.png>]
File: Skupina01/img//network.png Graphic file (type png)
<use Skupina01/img//network.png>
Package pdftex.def Info: Skupina01/img//network.png  used on input line 183.
(pdftex.def)             Requested size: 203.2506pt x 103.6578pt.


Class-Warning: Legend of \sidecaption for figure 1.2
is 12.19865pt taller than the corresponding float - 
you'd better switch the environment. 

Overfull \hbox (0.61853pt too wide) in paragraph at lines 200--211
[][]
 []

[11] [12]) (Skupina02/main.tex [13] [14


] [15] [16]
File: Skupina01/img//network.png Graphic file (type png)
<use Skupina01/img//network.png>
Package pdftex.def Info: Skupina01/img//network.png  used on input line 137.
(pdftex.def)             Requested size: 406.5219pt x 207.32616pt.


Class SVMult Warning: \sidecaption: No sufficient room for the legend; 
using normal \caption on input line 137.


Overfull \hbox (73.62466pt too wide) in paragraph at lines 137--137
[][][] 
 []

[17] [18]
File: Skupina01/img//network.png Graphic file (type png)
<use Skupina01/img//network.png>
Package pdftex.def Info: Skupina01/img//network.png  used on input line 183.
(pdftex.def)             Requested size: 203.2506pt x 103.6578pt.


Class-Warning: Legend of \sidecaption for figure 2.2
is 12.19865pt taller than the corresponding float - 
you'd better switch the environment. 

Overfull \hbox (0.61853pt too wide) in paragraph at lines 200--211
[][]
 []

[19] [20]) [21] [22


] (editor.bbl)

Package caption Warning: Unused \captionsetup[sub] on input line 52.
See the caption package documentation for explanation.

[23


] (editor.aux (EditorContents/navodila.aux))
Package rerunfilecheck Info: File `editor.out' has not changed.
(rerunfilecheck)             Checksum: 8CACC8ABE194CCD2FDFF75786E973C16;4108.
 ) 
Here is how much of TeX's memory you used:
 15505 strings out of 478698
 250524 string characters out of 2842424
 560869 words of memory out of 3000000
 33163 multiletter control sequences out of 15000+600000
 447771 words of font info for 112 fonts, out of 8000000 for 9000
 1141 hyphenation exceptions out of 8191
 68i,12n,77p,1060b,473s stack positions out of 5000i,500n,10000p,200000b,80000s

pdfTeX warning (dest): name{Hfootnote.8} has been referenced but does not exist
, replaced by a fixed one


pdfTeX warning (dest): name{Hfootnote.7} has been referenced but does not exist
, replaced by a fixed one


pdfTeX warning (dest): name{Hfootnote.6} has been referenced but does not exist
, replaced by a fixed one


pdfTeX warning (dest): name{Hfootnote.5} has been referenced but does not exist
, replaced by a fixed one


pdfTeX warning (dest): name{Hfootnote.4} has been referenced but does not exist
, replaced by a fixed one


pdfTeX warning (dest): name{Hfootnote.3} has been referenced but does not exist
, replaced by a fixed one


pdfTeX warning (dest): name{Hfootnote.2} has been referenced but does not exist
, replaced by a fixed one


pdfTeX warning (dest): name{Hfootnote.1} has been referenced but does not exist
, replaced by a fixed one

{C:/Users/mihaj.FRI1/AppData/Local/Programs/MiKTeX 2.9/fonts/enc/dvips/base/8r.
enc}<C:/Users/mihaj.FRI1/AppData/Local/Programs/MiKTeX 2.9/fonts/type1/public/a
msfonts/cm/cmmi10.pfb><C:/Users/mihaj.FRI1/AppData/Local/Programs/MiKTeX 2.9/fo
nts/type1/public/amsfonts/cm/cmr10.pfb><C:/Users/mihaj.FRI1/AppData/Local/Progr
ams/MiKTeX 2.9/fonts/type1/public/amsfonts/cm/cmsy10.pfb><C:/Users/mihaj.FRI1/A
ppData/Local/Programs/MiKTeX 2.9/fonts/type1/urw/courier/ucrr8a.pfb><C:/Users/m
ihaj.FRI1/AppData/Local/Programs/MiKTeX 2.9/fonts/type1/urw/times/utmb8a.pfb><C
:/Users/mihaj.FRI1/AppData/Local/Programs/MiKTeX 2.9/fonts/type1/urw/times/utmb
i8a.pfb><C:/Users/mihaj.FRI1/AppData/Local/Programs/MiKTeX 2.9/fonts/type1/urw/
times/utmr8a.pfb><C:/Users/mihaj.FRI1/AppData/Local/Programs/MiKTeX 2.9/fonts/t
ype1/urw/times/utmri8a.pfb>
Output written on editor.pdf (23 pages, 275179 bytes).
PDF statistics:
 422 PDF objects out of 1000 (max. 8388607)
 111 named destinations out of 1000 (max. 500000)
 222 words of extra memory for PDF output out of 10000 (max. 10000000)

