\BOOKMARK [0][-]{section*.4}{\376\377\000C\000o\000n\000t\000r\000i\000b\000u\000t\000i\000o\000n\000\040\000T\000i\000t\000l\000e}{}% 1
\BOOKMARK [0][-]{section*.4}{\376\377\000N\000a\000m\000e\000\040\000o\000f\000\040\000F\000i\000r\000s\000t\000\040\000A\000u\000t\000h\000o\000r\000\040\000a\000n\000d\000\040\000N\000a\000m\000e\000\040\000o\000f\000\040\000S\000e\000c\000o\000n\000d\000\040\000A\000u\000t\000h\000o\000r}{}% 2
\BOOKMARK [1][-]{section.1.1}{\376\377\000U\000v\000o\000d\000\040\000i\000n\000\040\000m\000o\000t\000i\000v\000a\000c\000i\000j\000a}{section*.4}% 3
\BOOKMARK [1][-]{section.1.2}{\376\377\000U\000p\000o\000r\000a\000b\000l\000j\000e\000n\000e\000\040\000k\000n\000j\000i\001\176\000n\000i\000c\000e\000\040\000i\000n\000\040\000m\000o\000d\000u\000l\000i}{section*.4}% 4
\BOOKMARK [1][-]{section.1.3}{\376\377\000R\000e\001\141\000i\000t\000e\000v}{section*.4}% 5
\BOOKMARK [1][-]{section.1.4}{\376\377\000E\000k\000s\000p\000e\000r\000i\000m\000e\000n\000t\000i\000\040\000i\000n\000\040\000r\000e\000z\000u\000l\000t\000a\000t\000i}{section*.4}% 6
\BOOKMARK [1][-]{section.1.5}{\376\377\000Z\000a\000k\000l\000j\000u\001\015\000e\000k}{section*.4}% 7
\BOOKMARK [1][-]{section.1.6}{\376\377\000S\000e\000c\000t\000i\000o\000n\000\040\000H\000e\000a\000d\000i\000n\000g}{section*.4}% 8
\BOOKMARK [1][-]{section.1.7}{\376\377\000S\000e\000c\000t\000i\000o\000n\000\040\000H\000e\000a\000d\000i\000n\000g}{section*.4}% 9
\BOOKMARK [2][-]{subsection.1.7.1}{\376\377\000S\000u\000b\000s\000e\000c\000t\000i\000o\000n\000\040\000H\000e\000a\000d\000i\000n\000g}{section.1.7}% 10
\BOOKMARK [1][-]{section.1.8}{\376\377\000S\000e\000c\000t\000i\000o\000n\000\040\000H\000e\000a\000d\000i\000n\000g}{section*.4}% 11
\BOOKMARK [2][-]{subsection.1.8.1}{\376\377\000S\000u\000b\000s\000e\000c\000t\000i\000o\000n\000\040\000H\000e\000a\000d\000i\000n\000g}{section.1.8}% 12
\BOOKMARK [1][-]{section*.13}{\376\377\000A\000p\000p\000e\000n\000d\000i\000x}{section*.4}% 13
\BOOKMARK [0][-]{section*.14}{\376\377\000C\000o\000n\000t\000r\000i\000b\000u\000t\000i\000o\000n\000\040\000T\000i\000t\000l\000e}{}% 14
\BOOKMARK [0][-]{section*.14}{\376\377\000N\000a\000m\000e\000\040\000o\000f\000\040\000F\000i\000r\000s\000t\000\040\000A\000u\000t\000h\000o\000r\000\040\000a\000n\000d\000\040\000N\000a\000m\000e\000\040\000o\000f\000\040\000S\000e\000c\000o\000n\000d\000\040\000A\000u\000t\000h\000o\000r}{}% 15
\BOOKMARK [1][-]{section.2.1}{\376\377\000U\000v\000o\000d\000\040\000i\000n\000\040\000m\000o\000t\000i\000v\000a\000c\000i\000j\000a}{section*.14}% 16
\BOOKMARK [1][-]{section.2.2}{\376\377\000U\000p\000o\000r\000a\000b\000l\000j\000e\000n\000e\000\040\000k\000n\000j\000i\001\176\000n\000i\000c\000e\000\040\000i\000n\000\040\000m\000o\000d\000u\000l\000i}{section*.14}% 17
\BOOKMARK [1][-]{section.2.3}{\376\377\000R\000e\001\141\000i\000t\000e\000v}{section*.14}% 18
\BOOKMARK [1][-]{section.2.4}{\376\377\000E\000k\000s\000p\000e\000r\000i\000m\000e\000n\000t\000i\000\040\000i\000n\000\040\000r\000e\000z\000u\000l\000t\000a\000t\000i}{section*.14}% 19
\BOOKMARK [1][-]{section.2.5}{\376\377\000Z\000a\000k\000l\000j\000u\001\015\000e\000k}{section*.14}% 20
\BOOKMARK [1][-]{section.2.6}{\376\377\000S\000e\000c\000t\000i\000o\000n\000\040\000H\000e\000a\000d\000i\000n\000g}{section*.14}% 21
\BOOKMARK [1][-]{section.2.7}{\376\377\000S\000e\000c\000t\000i\000o\000n\000\040\000H\000e\000a\000d\000i\000n\000g}{section*.14}% 22
\BOOKMARK [2][-]{subsection.2.7.1}{\376\377\000S\000u\000b\000s\000e\000c\000t\000i\000o\000n\000\040\000H\000e\000a\000d\000i\000n\000g}{section.2.7}% 23
\BOOKMARK [1][-]{section.2.8}{\376\377\000S\000e\000c\000t\000i\000o\000n\000\040\000H\000e\000a\000d\000i\000n\000g}{section*.14}% 24
\BOOKMARK [2][-]{subsection.2.8.1}{\376\377\000S\000u\000b\000s\000e\000c\000t\000i\000o\000n\000\040\000H\000e\000a\000d\000i\000n\000g}{section.2.8}% 25
\BOOKMARK [1][-]{section*.23}{\376\377\000A\000p\000p\000e\000n\000d\000i\000x}{section*.14}% 26
\BOOKMARK [0][-]{chapter*.24}{\376\377\000L\000i\000t\000e\000r\000a\000t\000u\000r\000a}{}% 27
